<?xml version="1.0" encoding="UTF-8"?>
<testsuite name="Test" tests="2" skipped="0" failures="0" errors="0" timestamp="2021-09-02T03:41:20" hostname="DESKTOP-ONO3B0B" time="0.03">
  <properties/>
  <testcase name="testNegative" classname="Test" time="0.026"/>
  <testcase name="testLargeNumber" classname="Test" time="0.004"/>
  <system-out><![CDATA[]]></system-out>
  <system-err><![CDATA[]]></system-err>
</testsuite>
