<?xml version="1.0" encoding="UTF-8"?>
<testsuite name="TestStringTemplates" tests="3" skipped="0" failures="0" errors="0" timestamp="2021-09-02T03:29:56" hostname="DESKTOP-ONO3B0B" time="0.02">
  <properties/>
  <testcase name="match1" classname="TestStringTemplates" time="0.013"/>
  <testcase name="match" classname="TestStringTemplates" time="0.002"/>
  <testcase name="doNotMatch" classname="TestStringTemplates" time="0.004"/>
  <system-out><![CDATA[]]></system-out>
  <system-err><![CDATA[]]></system-err>
</testsuite>
