<?xml version="1.0" encoding="UTF-8"?>
<testsuite name="TestNamedArguments" tests="1" skipped="0" failures="0" errors="0" timestamp="2021-09-02T03:07:29" hostname="DESKTOP-ONO3B0B" time="0.053">
  <properties/>
  <testcase name="testJoinToString" classname="TestNamedArguments" time="0.053"/>
  <system-out><![CDATA[]]></system-out>
  <system-err><![CDATA[]]></system-err>
</testsuite>
