<?xml version="1.0" encoding="UTF-8"?>
<testsuite name="Test" tests="1" skipped="0" failures="0" errors="0" timestamp="2021-09-02T03:22:18" hostname="DESKTOP-ONO3B0B" time="0.114">
  <properties/>
  <testcase name="testSolution" classname="Test" time="0.114"/>
  <system-out><![CDATA[]]></system-out>
  <system-err><![CDATA[]]></system-err>
</testsuite>
