<?xml version="1.0" encoding="UTF-8"?>
<testsuite name="TestLambdas" tests="2" skipped="0" failures="0" errors="0" timestamp="2021-09-02T04:05:09" hostname="DESKTOP-ONO3B0B" time="0.047">
  <properties/>
  <testcase name="contains" classname="TestLambdas" time="0.046"/>
  <testcase name="notContains" classname="TestLambdas" time="0.001"/>
  <system-out><![CDATA[]]></system-out>
  <system-err><![CDATA[]]></system-err>
</testsuite>
